Arguments: 
  C:\Users\chutianhang\AppData\Roaming\nvm\v16.12.0\node.exe C:\Program Files (x86)\Yarn\bin\yarn.js

PATH: 
  D:\soft\Git\mingw64\bin;D:\soft\Git\usr\bin;C:\Users\chutianhang\bin;C:\Python311\Scripts;C:\Python311;C:\Program Files\Python38\Scripts;C:\Program Files\Python38;C:\Windows\system32;C:\Windows;C:\Windows\System32\Wbem;C:\Windows\System32\WindowsPowerShell\v1.0;C:\Windows\System32\OpenSSH;C:\Program Files (x86)\NVIDIA Corporation\PhysX\Common;C:\Program Files\NVIDIA Corporation\NVIDIA NvDLISR;C:\Program Files\dotnet;C:\Users\chutianhang\AppData\Roaming\nvm;C:\Program Files\nodejs;C:\WINDOWS\system32;C:\WINDOWS;C:\WINDOWS\System32\Wbem;C:\WINDOWS\System32\WindowsPowerShell\v1.0;C:\WINDOWS\System32\OpenSSH;D:\soft\Git\cmd;D:\soft\Git\usr\bin;C:\ProgramData\chocolatey\bin;C:\Program Files (x86)\Yarn\bin;C:\Program Files\Go\bin;C:\Program Files\Docker\Docker\resources\bin;C:\Users\chutianhang\AppData\Local\Microsoft\WindowsApps;D:\soft\Microsoft VS Code\bin;C:\Program Files\nodejs\node_modules;C:\Users\chutianhang\AppData\Roaming\nvm;C:\Program Files\nodejs;D:\soft\DataGrip 2022.2.1\bin;C:\Users\chutianhang\AppData\Local\Yarn\bin;C:\Users\chutianhang\go\bin

Yarn version: 
  1.22.19

Node version: 
  16.12.0

Platform: 
  win32 x64

Trace: 
  Error: connect ETIMEDOUT 104.16.22.35:443
      at TCPConnectWrap.afterConnect [as oncomplete] (node:net:1161:16)

npm manifest: 
  {
    "name": "trent-blog",
    "version": "1.0.0",
    "main": "index.js",
    "author": "储天航 <1193983801@qq.com>",
    "license": "MIT",
    "scripts": {
      "dev": "vuepress dev docs",
      "build": "vuepress build docs"
    },
    "devDependencies": {
      "@vuepress/bundler-vite": "^2.0.0-beta.53",
      "vuepress": "^2.0.0-beta.53"
    }
  }

yarn manifest: 
  No manifest

Lockfile: 
  No lockfile
